Microsoft HTML Help Compiler 4.74.8702

Compiling c:\Users\luigu\Desktop\ayudanueva\ayuda.chm


Compile time: 0 minutes, 1 second
4	Topics
3	Local links
0	Internet links
5	Graphics


Created c:\Users\luigu\Desktop\ayudanueva\ayuda.chm, 1,234,573 bytes
Compression decreased file by 14,569 bytes.
Microsoft HTML Help Compiler 4.74.8702

Compiling c:\Users\luigu\Desktop\ayudanueva\ayuda.chm


Compile time: 0 minutes, 1 second
4	Topics
3	Local links
0	Internet links
5	Graphics


Created c:\Users\luigu\Desktop\ayudanueva\ayuda.chm, 1,234,529 bytes
Compression decreased file by 14,633 bytes.
Microsoft HTML Help Compiler 4.74.8702

Compiling c:\Users\luigu\Desktop\ayudanueva\ayuda.chm


Compile time: 0 minutes, 2 seconds
7	Topics
11	Local links
0	Internet links
7	Graphics


Created c:\Users\luigu\Desktop\ayudanueva\ayuda.chm, 1,697,671 bytes
Compression decreased file by 45,757 bytes.
Microsoft HTML Help Compiler 4.74.8702

Compiling c:\Users\luigu\Desktop\ayudanueva\ayuda.chm


Compile time: 0 minutes, 2 seconds
8	Topics
12	Local links
0	Internet links
8	Graphics


Created c:\Users\luigu\Desktop\ayudanueva\ayuda.chm, 1,937,285 bytes
Compression decreased file by 67,683 bytes.
Microsoft HTML Help Compiler 4.74.8702

Compiling c:\Users\luigu\Desktop\ayudanueva\ayuda.chm


Compile time: 0 minutes, 2 seconds
8	Topics
12	Local links
0	Internet links
8	Graphics


Created c:\Users\luigu\Desktop\ayudanueva\ayuda.chm, 1,937,269 bytes
Compression decreased file by 67,695 bytes.
Microsoft HTML Help Compiler 4.74.8702

Compiling c:\Users\luigu\Desktop\ayudanueva\ayuda.chm


Compile time: 0 minutes, 1 second
10	Topics
14	Local links
0	Internet links
8	Graphics


Created c:\Users\luigu\Desktop\ayudanueva\ayuda.chm, 1,937,585 bytes
Compression decreased file by 68,447 bytes.
Microsoft HTML Help Compiler 4.74.8702

Compiling c:\Users\luigu\Desktop\ayudanueva\ayuda.chm


Compile time: 0 minutes, 2 seconds
18	Topics
22	Local links
0	Internet links
9	Graphics


Created c:\Users\luigu\Desktop\ayudanueva\ayuda.chm, 1,945,087 bytes
Compression decreased file by 71,763 bytes.
