stdio    D         file_stdio.c:109  file_stdio_fopen                 [   0.00000] opening G:\Documentos\GitHub\proyecto-primer-parcial\3erParcial\arboles\Debug\allegro5.cfg r
system   D            wsystem.c:738  maybe_parent_dir                 [   0.00000] Also searching G:\Documentos\GitHub\proyecto-primer-parcial\3erParcial\arboles\
system   D            wsystem.c:788  _al_win_safe_load_library        [   0.00000] PathFindOnPath found: C:\WINDOWS\system32\shcore.dll
system   D            wsystem.c:699  load_library_at_path             [   0.00000] Calling LoadLibrary C:\WINDOWS\system32\shcore.dll
system   I            wsystem.c:702  load_library_at_path             [   0.00000] Loaded C:\WINDOWS\system32\shcore.dll
system   I             system.c:263  al_install_system                [   0.00000] Allegro version: 5.2.3
system   D            wsystem.c:738  maybe_parent_dir                 [   0.00032] Also searching G:\Documentos\GitHub\proyecto-primer-parcial\3erParcial\arboles\
system   D            wsystem.c:788  _al_win_safe_load_library        [   0.00052] PathFindOnPath found: C:\WINDOWS\system32\d3d9.dll
system   D            wsystem.c:699  load_library_at_path             [   0.00054] Calling LoadLibrary C:\WINDOWS\system32\d3d9.dll
system   I            wsystem.c:702  load_library_at_path             [   0.00640] Loaded C:\WINDOWS\system32\d3d9.dll
d3d      I         d3d_disp.cpp:674  d3d_init_display                 [   0.02259] Render-to-texture: 1
d3d      I         d3d_disp.cpp:1768 d3d_create_display_locked        [   0.02334] faux_fullscreen=0
d3d      D         d3d_disp.cpp:1769 d3d_create_display_locked        [   0.02337] al_display=00904538
d3d      D         d3d_disp.cpp:1770 d3d_create_display_locked        [   0.02339] al_display->vt=008D2B98
d3d      I d3d_display_formats.cpp:144  _al_d3d_generate_display_format_list [   0.02910] found 64 format combinations
display  D   display_settings.c:212  debug_display_settings           [   0.02914] color: 32 (rgba 8880), depth: 0, stencil: 0, acc: 0000, samples: 0/0
display  D   display_settings.c:527  _al_score_display_settings       [   0.02918] Score is : 897
display  D   display_settings.c:212  debug_display_settings           [   0.02920] color: 32 (rgba 8880), depth: 0, stencil: 0, acc: 0000, samples: 0/0
display  D   display_settings.c:527  _al_score_display_settings       [   0.02923] Score is : 897
display  D   display_settings.c:212  debug_display_settings           [   0.02925] color: 32 (rgba 8880), depth: 24, stencil: 8, acc: 0000, samples: 0/0
display  D   display_settings.c:527  _al_score_display_settings       [   0.02927] Score is : 897
display  D   display_settings.c:212  debug_display_settings           [   0.02932] color: 32 (rgba 8880), depth: 24, stencil: 8, acc: 0000, samples: 0/0
display  D   display_settings.c:527  _al_score_display_settings       [   0.02936] Score is : 897
display  D   display_settings.c:212  debug_display_settings           [   0.02939] color: 32 (rgba 8880), depth: 24, stencil: 0, acc: 0000, samples: 0/0
display  D   display_settings.c:527  _al_score_display_settings       [   0.02941] Score is : 897
display  D   display_settings.c:212  debug_display_settings           [   0.02943] color: 32 (rgba 8880), depth: 24, stencil: 0, acc: 0000, samples: 0/0
display  D   display_settings.c:527  _al_score_display_settings       [   0.02946] Score is : 897
display  D   display_settings.c:212  debug_display_settings           [   0.02948] color: 32 (rgba 8880), depth: 16, stencil: 0, acc: 0000, samples: 0/0
display  D   display_settings.c:527  _al_score_display_settings       [   0.02950] Score is : 897
display  D   display_settings.c:212  debug_display_settings           [   0.02952] color: 32 (rgba 8880), depth: 16, stencil: 0, acc: 0000, samples: 0/0
display  D   display_settings.c:527  _al_score_display_settings       [   0.02955] Score is : 897
display  D   display_settings.c:212  debug_display_settings           [   0.02956] color: 16 (rgba 5650), depth: 0, stencil: 0, acc: 0000, samples: 0/0
display  D   display_settings.c:527  _al_score_display_settings       [   0.02964] Score is : 897
display  D   display_settings.c:212  debug_display_settings           [   0.02967] color: 16 (rgba 5650), depth: 0, stencil: 0, acc: 0000, samples: 0/0
display  D   display_settings.c:527  _al_score_display_settings       [   0.02969] Score is : 897
display  D   display_settings.c:212  debug_display_settings           [   0.02971] color: 16 (rgba 5650), depth: 24, stencil: 8, acc: 0000, samples: 0/0
display  D   display_settings.c:527  _al_score_display_settings       [   0.02974] Score is : 897
display  D   display_settings.c:212  debug_display_settings           [   0.02976] color: 16 (rgba 5650), depth: 24, stencil: 8, acc: 0000, samples: 0/0
display  D   display_settings.c:527  _al_score_display_settings       [   0.02978] Score is : 897
display  D   display_settings.c:212  debug_display_settings           [   0.02980] color: 16 (rgba 5650), depth: 24, stencil: 0, acc: 0000, samples: 0/0
display  D   display_settings.c:527  _al_score_display_settings       [   0.02983] Score is : 897
display  D   display_settings.c:212  debug_display_settings           [   0.02985] color: 16 (rgba 5650), depth: 24, stencil: 0, acc: 0000, samples: 0/0
display  D   display_settings.c:527  _al_score_display_settings       [   0.02988] Score is : 897
display  D   display_settings.c:212  debug_display_settings           [   0.02990] color: 16 (rgba 5650), depth: 16, stencil: 0, acc: 0000, samples: 0/0
display  D   display_settings.c:527  _al_score_display_settings       [   0.02992] Score is : 897
display  D   display_settings.c:212  debug_display_settings           [   0.02994] color: 16 (rgba 5650), depth: 16, stencil: 0, acc: 0000, samples: 0/0
display  D   display_settings.c:527  _al_score_display_settings       [   0.02996] Score is : 897
display  D   display_settings.c:212  debug_display_settings           [   0.02998] color: 32 (rgba 8880), depth: 0, stencil: 0, acc: 0000, samples: 0/0
display  D   display_settings.c:398  _al_score_display_settings       [   0.03001] Single Buffer requirement not met.
display  D   display_settings.c:212  debug_display_settings           [   0.03004] color: 32 (rgba 8880), depth: 0, stencil: 0, acc: 0000, samples: 0/0
display  D   display_settings.c:398  _al_score_display_settings       [   0.03007] Single Buffer requirement not met.
display  D   display_settings.c:212  debug_display_settings           [   0.03012] color: 32 (rgba 8880), depth: 24, stencil: 8, acc: 0000, samples: 0/0
display  D   display_settings.c:398  _al_score_display_settings       [   0.03016] Single Buffer requirement not met.
display  D   display_settings.c:212  debug_display_settings           [   0.03018] color: 32 (rgba 8880), depth: 24, stencil: 8, acc: 0000, samples: 0/0
display  D   display_settings.c:398  _al_score_display_settings       [   0.03021] Single Buffer requirement not met.
display  D   display_settings.c:212  debug_display_settings           [   0.03023] color: 32 (rgba 8880), depth: 24, stencil: 0, acc: 0000, samples: 0/0
display  D   display_settings.c:398  _al_score_display_settings       [   0.03026] Single Buffer requirement not met.
display  D   display_settings.c:212  debug_display_settings           [   0.03028] color: 32 (rgba 8880), depth: 24, stencil: 0, acc: 0000, samples: 0/0
display  D   display_settings.c:398  _al_score_display_settings       [   0.03030] Single Buffer requirement not met.
display  D   display_settings.c:212  debug_display_settings           [   0.03032] color: 32 (rgba 8880), depth: 16, stencil: 0, acc: 0000, samples: 0/0
display  D   display_settings.c:398  _al_score_display_settings       [   0.03034] Single Buffer requirement not met.
display  D   display_settings.c:212  debug_display_settings           [   0.03036] color: 32 (rgba 8880), depth: 16, stencil: 0, acc: 0000, samples: 0/0
display  D   display_settings.c:398  _al_score_display_settings       [   0.03039] Single Buffer requirement not met.
display  D   display_settings.c:212  debug_display_settings           [   0.03041] color: 16 (rgba 5650), depth: 0, stencil: 0, acc: 0000, samples: 0/0
display  D   display_settings.c:398  _al_score_display_settings       [   0.03047] Single Buffer requirement not met.
display  D   display_settings.c:212  debug_display_settings           [   0.03050] color: 16 (rgba 5650), depth: 0, stencil: 0, acc: 0000, samples: 0/0
display  D   display_settings.c:398  _al_score_display_settings       [   0.03052] Single Buffer requirement not met.
display  D   display_settings.c:212  debug_display_settings           [   0.03054] color: 16 (rgba 5650), depth: 24, stencil: 8, acc: 0000, samples: 0/0
display  D   display_settings.c:398  _al_score_display_settings       [   0.03057] Single Buffer requirement not met.
display  D   display_settings.c:212  debug_display_settings           [   0.03059] color: 16 (rgba 5650), depth: 24, stencil: 8, acc: 0000, samples: 0/0
display  D   display_settings.c:398  _al_score_display_settings       [   0.03061] Single Buffer requirement not met.
display  D   display_settings.c:212  debug_display_settings           [   0.03063] color: 16 (rgba 5650), depth: 24, stencil: 0, acc: 0000, samples: 0/0
display  D   display_settings.c:398  _al_score_display_settings       [   0.03066] Single Buffer requirement not met.
display  D   display_settings.c:212  debug_display_settings           [   0.03068] color: 16 (rgba 5650), depth: 24, stencil: 0, acc: 0000, samples: 0/0
display  D   display_settings.c:398  _al_score_display_settings       [   0.03070] Single Buffer requirement not met.
display  D   display_settings.c:212  debug_display_settings           [   0.03072] color: 16 (rgba 5650), depth: 16, stencil: 0, acc: 0000, samples: 0/0
display  D   display_settings.c:398  _al_score_display_settings       [   0.03075] Single Buffer requirement not met.
display  D   display_settings.c:212  debug_display_settings           [   0.03077] color: 16 (rgba 5650), depth: 16, stencil: 0, acc: 0000, samples: 0/0
display  D   display_settings.c:398  _al_score_display_settings       [   0.03079] Single Buffer requirement not met.
display  D   display_settings.c:212  debug_display_settings           [   0.03081] color: 32 (rgba 8880), depth: 0, stencil: 0, acc: 0000, samples: 0/0
display  D   display_settings.c:527  _al_score_display_settings       [   0.03084] Score is : 769
display  D   display_settings.c:212  debug_display_settings           [   0.03086] color: 32 (rgba 8880), depth: 0, stencil: 0, acc: 0000, samples: 0/0
display  D   display_settings.c:527  _al_score_display_settings       [   0.03093] Score is : 769
display  D   display_settings.c:212  debug_display_settings           [   0.03095] color: 32 (rgba 8880), depth: 24, stencil: 8, acc: 0000, samples: 0/0
display  D   display_settings.c:527  _al_score_display_settings       [   0.03098] Score is : 769
display  D   display_settings.c:212  debug_display_settings           [   0.03100] color: 32 (rgba 8880), depth: 24, stencil: 8, acc: 0000, samples: 0/0
display  D   display_settings.c:527  _al_score_display_settings       [   0.03102] Score is : 769
display  D   display_settings.c:212  debug_display_settings           [   0.03104] color: 32 (rgba 8880), depth: 24, stencil: 0, acc: 0000, samples: 0/0
display  D   display_settings.c:527  _al_score_display_settings       [   0.03107] Score is : 769
display  D   display_settings.c:212  debug_display_settings           [   0.03109] color: 32 (rgba 8880), depth: 24, stencil: 0, acc: 0000, samples: 0/0
display  D   display_settings.c:527  _al_score_display_settings       [   0.03111] Score is : 769
display  D   display_settings.c:212  debug_display_settings           [   0.03113] color: 32 (rgba 8880), depth: 16, stencil: 0, acc: 0000, samples: 0/0
display  D   display_settings.c:527  _al_score_display_settings       [   0.03116] Score is : 769
display  D   display_settings.c:212  debug_display_settings           [   0.03117] color: 32 (rgba 8880), depth: 16, stencil: 0, acc: 0000, samples: 0/0
display  D   display_settings.c:527  _al_score_display_settings       [   0.03120] Score is : 769
display  D   display_settings.c:212  debug_display_settings           [   0.03123] color: 16 (rgba 5650), depth: 0, stencil: 0, acc: 0000, samples: 0/0
display  D   display_settings.c:527  _al_score_display_settings       [   0.03125] Score is : 769
display  D   display_settings.c:212  debug_display_settings           [   0.03127] color: 16 (rgba 5650), depth: 0, stencil: 0, acc: 0000, samples: 0/0
display  D   display_settings.c:527  _al_score_display_settings       [   0.03130] Score is : 769
display  D   display_settings.c:212  debug_display_settings           [   0.03132] color: 16 (rgba 5650), depth: 24, stencil: 8, acc: 0000, samples: 0/0
display  D   display_settings.c:527  _al_score_display_settings       [   0.03135] Score is : 769
display  D   display_settings.c:212  debug_display_settings           [   0.03137] color: 16 (rgba 5650), depth: 24, stencil: 8, acc: 0000, samples: 0/0
display  D   display_settings.c:527  _al_score_display_settings       [   0.03139] Score is : 769
display  D   display_settings.c:212  debug_display_settings           [   0.03141] color: 16 (rgba 5650), depth: 24, stencil: 0, acc: 0000, samples: 0/0
display  D   display_settings.c:527  _al_score_display_settings       [   0.03144] Score is : 769
display  D   display_settings.c:212  debug_display_settings           [   0.03145] color: 16 (rgba 5650), depth: 24, stencil: 0, acc: 0000, samples: 0/0
display  D   display_settings.c:527  _al_score_display_settings       [   0.03148] Score is : 769
display  D   display_settings.c:212  debug_display_settings           [   0.03150] color: 16 (rgba 5650), depth: 16, stencil: 0, acc: 0000, samples: 0/0
display  D   display_settings.c:527  _al_score_display_settings       [   0.03153] Score is : 769
display  D   display_settings.c:212  debug_display_settings           [   0.03155] color: 16 (rgba 5650), depth: 16, stencil: 0, acc: 0000, samples: 0/0
display  D   display_settings.c:527  _al_score_display_settings       [   0.03158] Score is : 769
display  D   display_settings.c:212  debug_display_settings           [   0.03160] color: 32 (rgba 8880), depth: 0, stencil: 0, acc: 0000, samples: 0/0
display  D   display_settings.c:398  _al_score_display_settings       [   0.03163] Single Buffer requirement not met.
display  D   display_settings.c:212  debug_display_settings           [   0.03165] color: 32 (rgba 8880), depth: 0, stencil: 0, acc: 0000, samples: 0/0
display  D   display_settings.c:398  _al_score_display_settings       [   0.03167] Single Buffer requirement not met.
display  D   display_settings.c:212  debug_display_settings           [   0.03169] color: 32 (rgba 8880), depth: 24, stencil: 8, acc: 0000, samples: 0/0
display  D   display_settings.c:398  _al_score_display_settings       [   0.03172] Single Buffer requirement not met.
display  D   display_settings.c:212  debug_display_settings           [   0.03174] color: 32 (rgba 8880), depth: 24, stencil: 8, acc: 0000, samples: 0/0
display  D   display_settings.c:398  _al_score_display_settings       [   0.03176] Single Buffer requirement not met.
display  D   display_settings.c:212  debug_display_settings           [   0.03178] color: 32 (rgba 8880), depth: 24, stencil: 0, acc: 0000, samples: 0/0
display  D   display_settings.c:398  _al_score_display_settings       [   0.03181] Single Buffer requirement not met.
display  D   display_settings.c:212  debug_display_settings           [   0.03183] color: 32 (rgba 8880), depth: 24, stencil: 0, acc: 0000, samples: 0/0
display  D   display_settings.c:398  _al_score_display_settings       [   0.03186] Single Buffer requirement not met.
display  D   display_settings.c:212  debug_display_settings           [   0.03188] color: 32 (rgba 8880), depth: 16, stencil: 0, acc: 0000, samples: 0/0
display  D   display_settings.c:398  _al_score_display_settings       [   0.03190] Single Buffer requirement not met.
display  D   display_settings.c:212  debug_display_settings           [   0.03192] color: 32 (rgba 8880), depth: 16, stencil: 0, acc: 0000, samples: 0/0
display  D   display_settings.c:398  _al_score_display_settings       [   0.03195] Single Buffer requirement not met.
display  D   display_settings.c:212  debug_display_settings           [   0.03197] color: 16 (rgba 5650), depth: 0, stencil: 0, acc: 0000, samples: 0/0
display  D   display_settings.c:398  _al_score_display_settings       [   0.03200] Single Buffer requirement not met.
display  D   display_settings.c:212  debug_display_settings           [   0.03202] color: 16 (rgba 5650), depth: 0, stencil: 0, acc: 0000, samples: 0/0
display  D   display_settings.c:398  _al_score_display_settings       [   0.03206] Single Buffer requirement not met.
display  D   display_settings.c:212  debug_display_settings           [   0.03208] color: 16 (rgba 5650), depth: 24, stencil: 8, acc: 0000, samples: 0/0
display  D   display_settings.c:398  _al_score_display_settings       [   0.03211] Single Buffer requirement not met.
display  D   display_settings.c:212  debug_display_settings           [   0.03213] color: 16 (rgba 5650), depth: 24, stencil: 8, acc: 0000, samples: 0/0
display  D   display_settings.c:398  _al_score_display_settings       [   0.03222] Single Buffer requirement not met.
display  D   display_settings.c:212  debug_display_settings           [   0.03227] color: 16 (rgba 5650), depth: 24, stencil: 0, acc: 0000, samples: 0/0
display  D   display_settings.c:398  _al_score_display_settings       [   0.03230] Single Buffer requirement not met.
display  D   display_settings.c:212  debug_display_settings           [   0.03232] color: 16 (rgba 5650), depth: 24, stencil: 0, acc: 0000, samples: 0/0
display  D   display_settings.c:398  _al_score_display_settings       [   0.03235] Single Buffer requirement not met.
display  D   display_settings.c:212  debug_display_settings           [   0.03237] color: 16 (rgba 5650), depth: 16, stencil: 0, acc: 0000, samples: 0/0
display  D   display_settings.c:398  _al_score_display_settings       [   0.03239] Single Buffer requirement not met.
display  D   display_settings.c:212  debug_display_settings           [   0.03241] color: 16 (rgba 5650), depth: 16, stencil: 0, acc: 0000, samples: 0/0
display  D   display_settings.c:398  _al_score_display_settings       [   0.03244] Single Buffer requirement not met.
d3d      D         d3d_disp.cpp:1668 d3d_create_display_internals     [   0.03248] Trying format 0.
d3d      I         d3d_disp.cpp:1344 d3d_display_thread_proc          [   0.05470] Chose a display format: 23
d3d      I         d3d_disp.cpp:1413 d3d_display_thread_proc          [   0.05475] Normal window.
d3d      I         d3d_disp.cpp:781  d3d_create_device                [   0.10562] Using no depth stencil buffer
d3d      D         d3d_disp.cpp:839  d3d_create_device                [   0.14695] BeginScene succeeded in create_device
d3d      D         d3d_disp.cpp:847  d3d_create_device                [   0.14699] Success
d3d      D         d3d_disp.cpp:1691 d3d_create_display_internals     [   0.14702] Resumed after wait.
d3d      I         d3d_disp.cpp:1724 d3d_create_display_internals     [   0.14706] Format 0 succeeded.
d3d      D         d3d_disp.cpp:1755 d3d_create_display_internals     [   0.14710] Returning d3d_display: 00904538
d3d      D         d3d_disp.cpp:1780 d3d_create_display_locked        [   0.14712] al_display=00904538
d3d      D         d3d_disp.cpp:1781 d3d_create_display_locked        [   0.14714] al_display->vt=008D2B98
system   D            wsystem.c:738  maybe_parent_dir                 [   0.14731] Also searching G:\Documentos\GitHub\proyecto-primer-parcial\3erParcial\arboles\
system   D            wsystem.c:788  _al_win_safe_load_library        [   0.14752] PathFindOnPath found: C:\WINDOWS\system32\d3dx9_43.dll
system   D            wsystem.c:699  load_library_at_path             [   0.14754] Calling LoadLibrary C:\WINDOWS\system32\d3dx9_43.dll
system   I            wsystem.c:702  load_library_at_path             [   0.15151] Loaded C:\WINDOWS\system32\d3dx9_43.dll
d3dx9    I        d3d_d3dx9.cpp:88   _imp_load_d3dx9_module_version   [   0.15158] Module "d3dx9_43.dll" loaded.
dtor     D               dtor.c:196  _al_register_destructor          [   0.15174] added dtor for bitmap 0B378200, func 52C42243
dtor     D               dtor.c:196  _al_register_destructor          [   0.15248] added dtor for bitmap 0B391E90, func 52C42243
d3d      D         d3d_disp.cpp:1188 real_choose_bitmap_format        [   0.15873] Fake format
d3d      D         d3d_disp.cpp:1188 real_choose_bitmap_format        [   0.15877] Fake format
d3d      D         d3d_disp.cpp:1188 real_choose_bitmap_format        [   0.15880] Fake format
d3d      D         d3d_disp.cpp:1188 real_choose_bitmap_format        [   0.15882] Fake format
d3d      D         d3d_disp.cpp:1188 real_choose_bitmap_format        [   0.15884] Fake format
d3d      D         d3d_disp.cpp:1188 real_choose_bitmap_format        [   0.15886] Fake format
d3d      D         d3d_disp.cpp:1188 real_choose_bitmap_format        [   0.15888] Fake format
d3d      D         d3d_disp.cpp:1188 real_choose_bitmap_format        [   0.15890] Fake format
d3d      D         d3d_disp.cpp:1188 real_choose_bitmap_format        [   0.15891] Fake format
d3d      D         d3d_disp.cpp:1196 real_choose_bitmap_format        [   0.15893] Alpha doesn't match
d3d      D         d3d_disp.cpp:1203 real_choose_bitmap_format        [   0.15895] Adapter format is 23
d3d      D         d3d_disp.cpp:1206 real_choose_bitmap_format        [   0.15898] Found a format
d3d      I         d3d_disp.cpp:2377 d3d_create_bitmap                [   0.15900] Chose bitmap format 9
dtor     D               dtor.c:196  _al_register_destructor          [   0.15942] added dtor for bitmap 0B3AC628, func 52C42243
dtor     D               dtor.c:196  _al_register_destructor          [   0.15986] added dtor for sub_bitmap 0B401B90, func 52C42243
dtor     D               dtor.c:196  _al_register_destructor          [   0.15989] added dtor for sub_bitmap 0B41BB18, func 52C42243
dtor     D               dtor.c:196  _al_register_destructor          [   0.15992] added dtor for sub_bitmap 0B41BC90, func 52C42243
dtor     D               dtor.c:196  _al_register_destructor          [   0.15994] added dtor for sub_bitmap 0B41BE08, func 52C42243
dtor     D               dtor.c:196  _al_register_destructor          [   0.15997] added dtor for sub_bitmap 0B41BF80, func 52C42243
dtor     D               dtor.c:196  _al_register_destructor          [   0.15999] added dtor for sub_bitmap 0B41C0F8, func 52C42243
dtor     D               dtor.c:196  _al_register_destructor          [   0.16002] added dtor for sub_bitmap 0B41C270, func 52C42243
dtor     D               dtor.c:196  _al_register_destructor          [   0.16004] added dtor for sub_bitmap 0B41C3E8, func 52C42243
dtor     D               dtor.c:196  _al_register_destructor          [   0.16007] added dtor for sub_bitmap 0B41C560, func 52C42243
dtor     D               dtor.c:196  _al_register_destructor          [   0.16009] added dtor for sub_bitmap 0B41C6D8, func 52C42243
dtor     D               dtor.c:196  _al_register_destructor          [   0.16012] added dtor for sub_bitmap 0B41C850, func 52C42243
dtor     D               dtor.c:196  _al_register_destructor          [   0.16014] added dtor for sub_bitmap 0B41C9C8, func 52C42243
dtor     D               dtor.c:196  _al_register_destructor          [   0.16017] added dtor for sub_bitmap 0B41B8D0, func 52C42243
dtor     D               dtor.c:196  _al_register_destructor          [   0.16020] added dtor for sub_bitmap 0B41CD88, func 52C42243
dtor     D               dtor.c:196  _al_register_destructor          [   0.16023] added dtor for sub_bitmap 0B41D7F8, func 52C42243
dtor     D               dtor.c:196  _al_register_destructor          [   0.16025] added dtor for sub_bitmap 0B41D970, func 52C42243
dtor     D               dtor.c:196  _al_register_destructor          [   0.16028] added dtor for sub_bitmap 0B41D218, func 52C42243
dtor     D               dtor.c:196  _al_register_destructor          [   0.16030] added dtor for sub_bitmap 0B41DAE8, func 52C42243
dtor     D               dtor.c:196  _al_register_destructor          [   0.16034] added dtor for sub_bitmap 0B41D0A0, func 52C42243
dtor     D               dtor.c:196  _al_register_destructor          [   0.16039] added dtor for sub_bitmap 0B41D390, func 52C42243
dtor     D               dtor.c:196  _al_register_destructor          [   0.16044] added dtor for sub_bitmap 0B41D508, func 52C42243
dtor     D               dtor.c:196  _al_register_destructor          [   0.16047] added dtor for sub_bitmap 0B41D680, func 52C42243
dtor     D               dtor.c:196  _al_register_destructor          [   0.16049] added dtor for sub_bitmap 0B41DC60, func 52C42243
dtor     D               dtor.c:196  _al_register_destructor          [   0.16051] added dtor for sub_bitmap 0B41CF28, func 52C42243
dtor     D               dtor.c:196  _al_register_destructor          [   0.16054] added dtor for sub_bitmap 0B801678, func 52C42243
dtor     D               dtor.c:196  _al_register_destructor          [   0.16057] added dtor for sub_bitmap 0B801210, func 52C42243
dtor     D               dtor.c:196  _al_register_destructor          [   0.16059] added dtor for sub_bitmap 0B801500, func 52C42243
dtor     D               dtor.c:196  _al_register_destructor          [   0.16061] added dtor for sub_bitmap 0B8026A0, func 52C42243
dtor     D               dtor.c:196  _al_register_destructor          [   0.16064] added dtor for sub_bitmap 0B801C58, func 52C42243
dtor     D               dtor.c:196  _al_register_destructor          [   0.16066] added dtor for sub_bitmap 0B802990, func 52C42243
dtor     D               dtor.c:196  _al_register_destructor          [   0.16068] added dtor for sub_bitmap 0B8023B0, func 52C42243
dtor     D               dtor.c:196  _al_register_destructor          [   0.16071] added dtor for sub_bitmap 0B801388, func 52C42243
dtor     D               dtor.c:196  _al_register_destructor          [   0.16074] added dtor for sub_bitmap 0B8020C0, func 52C42243
dtor     D               dtor.c:196  _al_register_destructor          [   0.16076] added dtor for sub_bitmap 0B801968, func 52C42243
dtor     D               dtor.c:196  _al_register_destructor          [   0.16079] added dtor for sub_bitmap 0B802238, func 52C42243
dtor     D               dtor.c:196  _al_register_destructor          [   0.16081] added dtor for sub_bitmap 0B8017F0, func 52C42243
dtor     D               dtor.c:196  _al_register_destructor          [   0.16083] added dtor for sub_bitmap 0B801AE0, func 52C42243
dtor     D               dtor.c:196  _al_register_destructor          [   0.16086] added dtor for sub_bitmap 0B801DD0, func 52C42243
dtor     D               dtor.c:196  _al_register_destructor          [   0.16088] added dtor for sub_bitmap 0B802B08, func 52C42243
dtor     D               dtor.c:196  _al_register_destructor          [   0.16091] added dtor for sub_bitmap 0B801F48, func 52C42243
dtor     D               dtor.c:196  _al_register_destructor          [   0.16093] added dtor for sub_bitmap 0B802C80, func 52C42243
dtor     D               dtor.c:196  _al_register_destructor          [   0.16096] added dtor for sub_bitmap 0B802528, func 52C42243
dtor     D               dtor.c:196  _al_register_destructor          [   0.16098] added dtor for sub_bitmap 0B802818, func 52C42243
dtor     D               dtor.c:196  _al_register_destructor          [   0.16100] added dtor for sub_bitmap 0B802DF8, func 52C42243
dtor     D               dtor.c:196  _al_register_destructor          [   0.16104] added dtor for sub_bitmap 0B801098, func 52C42243
dtor     D               dtor.c:196  _al_register_destructor          [   0.16107] added dtor for sub_bitmap 0B803DD8, func 52C42243
dtor     D               dtor.c:196  _al_register_destructor          [   0.16112] added dtor for sub_bitmap 0B8040C8, func 52C42243
dtor     D               dtor.c:196  _al_register_destructor          [   0.16115] added dtor for sub_bitmap 0B803390, func 52C42243
dtor     D               dtor.c:196  _al_register_destructor          [   0.16121] added dtor for sub_bitmap 0B8037F8, func 52C42243
dtor     D               dtor.c:196  _al_register_destructor          [   0.16124] added dtor for sub_bitmap 0B804998, func 52C42243
dtor     D               dtor.c:196  _al_register_destructor          [   0.16127] added dtor for sub_bitmap 0B804240, func 52C42243
dtor     D               dtor.c:196  _al_register_destructor          [   0.16132] added dtor for sub_bitmap 0B8043B8, func 52C42243
dtor     D               dtor.c:196  _al_register_destructor          [   0.16138] added dtor for sub_bitmap 0B803F50, func 52C42243
dtor     D               dtor.c:196  _al_register_destructor          [   0.16143] added dtor for sub_bitmap 0B804C88, func 52C42243
dtor     D               dtor.c:196  _al_register_destructor          [   0.16149] added dtor for sub_bitmap 0B803970, func 52C42243
dtor     D               dtor.c:196  _al_register_destructor          [   0.16163] added dtor for sub_bitmap 0B803218, func 52C42243
dtor     D               dtor.c:196  _al_register_destructor          [   0.16169] added dtor for sub_bitmap 0B803508, func 52C42243
dtor     D               dtor.c:196  _al_register_destructor          [   0.16172] added dtor for sub_bitmap 0B803C60, func 52C42243
dtor     D               dtor.c:196  _al_register_destructor          [   0.16174] added dtor for sub_bitmap 0B804530, func 52C42243
dtor     D               dtor.c:196  _al_register_destructor          [   0.16177] added dtor for sub_bitmap 0B8046A8, func 52C42243
dtor     D               dtor.c:196  _al_register_destructor          [   0.16179] added dtor for sub_bitmap 0B804820, func 52C42243
dtor     D               dtor.c:196  _al_register_destructor          [   0.16182] added dtor for sub_bitmap 0B803AE8, func 52C42243
dtor     D               dtor.c:196  _al_register_destructor          [   0.16184] added dtor for sub_bitmap 0B804B10, func 52C42243
dtor     D               dtor.c:196  _al_register_destructor          [   0.16186] added dtor for sub_bitmap 0B804E00, func 52C42243
dtor     D               dtor.c:196  _al_register_destructor          [   0.16190] added dtor for sub_bitmap 0B8030A0, func 52C42243
dtor     D               dtor.c:196  _al_register_destructor          [   0.16192] added dtor for sub_bitmap 0B803680, func 52C42243
dtor     D               dtor.c:196  _al_register_destructor          [   0.16196] added dtor for sub_bitmap 0B8063C0, func 52C42243
dtor     D               dtor.c:196  _al_register_destructor          [   0.16199] added dtor for sub_bitmap 0B805800, func 52C42243
dtor     D               dtor.c:196  _al_register_destructor          [   0.16201] added dtor for sub_bitmap 0B805220, func 52C42243
dtor     D               dtor.c:196  _al_register_destructor          [   0.16203] added dtor for sub_bitmap 0B805688, func 52C42243
dtor     D               dtor.c:196  _al_register_destructor          [   0.16206] added dtor for sub_bitmap 0B806B18, func 52C42243
dtor     D               dtor.c:196  _al_register_destructor          [   0.16208] added dtor for sub_bitmap 0B8060D0, func 52C42243
dtor     D               dtor.c:196  _al_register_destructor          [   0.16211] added dtor for sub_bitmap 0B8066B0, func 52C42243
dtor     D               dtor.c:196  _al_register_destructor          [   0.16213] added dtor for sub_bitmap 0B805DE0, func 52C42243
dtor     D               dtor.c:196  _al_register_destructor          [   0.16216] added dtor for sub_bitmap 0B805C68, func 52C42243
dtor     D               dtor.c:196  _al_register_destructor          [   0.16218] added dtor for sub_bitmap 0B8069A0, func 52C42243
dtor     D               dtor.c:196  _al_register_destructor          [   0.16220] added dtor for sub_bitmap 0B805F58, func 52C42243
dtor     D               dtor.c:196  _al_register_destructor          [   0.16223] added dtor for sub_bitmap 0B806538, func 52C42243
dtor     D               dtor.c:196  _al_register_destructor          [   0.16225] added dtor for sub_bitmap 0B806828, func 52C42243
dtor     D               dtor.c:196  _al_register_destructor          [   0.16233] added dtor for sub_bitmap 0B805510, func 52C42243
dtor     D               dtor.c:196  _al_register_destructor          [   0.16235] added dtor for sub_bitmap 0B806C90, func 52C42243
dtor     D               dtor.c:196  _al_register_destructor          [   0.16238] added dtor for sub_bitmap 0B8050A8, func 52C42243
dtor     D               dtor.c:196  _al_register_destructor          [   0.16240] added dtor for sub_bitmap 0B806E08, func 52C42243
dtor     D               dtor.c:196  _al_register_destructor          [   0.16243] added dtor for sub_bitmap 0B805398, func 52C42243
dtor     D               dtor.c:196  _al_register_destructor          [   0.16246] added dtor for sub_bitmap 0B805978, func 52C42243
dtor     D               dtor.c:196  _al_register_destructor          [   0.16248] added dtor for sub_bitmap 0B805AF0, func 52C42243
dtor     D               dtor.c:196  _al_register_destructor          [   0.16251] added dtor for sub_bitmap 0B806248, func 52C42243
dtor     D               dtor.c:196  _al_register_destructor          [   0.16254] added dtor for sub_bitmap 0B809DF8, func 52C42243
dtor     D               dtor.c:196  _al_register_destructor          [   0.16257] added dtor for sub_bitmap 0B809C80, func 52C42243
dtor     D               dtor.c:196  _al_register_destructor          [   0.16260] added dtor for sub_bitmap 0B8096A0, func 52C42243
dtor     D               dtor.c:196  _al_register_destructor          [   0.16262] added dtor for sub_bitmap 0B809238, func 52C42243
dtor     D               dtor.c:196  _al_register_destructor          [   0.16265] added dtor for sub_bitmap 0B80A3D8, func 52C42243
dtor     D               dtor.c:196  _al_register_destructor          [   0.16267] added dtor for sub_bitmap 0B809B08, func 52C42243
dtor     D               dtor.c:196  _al_register_destructor          [   0.16269] added dtor for sub_bitmap 0B80A550, func 52C42243
dtor     D               dtor.c:196  _al_register_destructor          [   0.16272] added dtor for sub_bitmap 0B80AB30, func 52C42243
dtor     D               dtor.c:196  _al_register_destructor          [   0.16274] added dtor for sub_bitmap 0B809F70, func 52C42243
dtor     D               dtor.c:196  _al_register_destructor          [   0.16278] added dtor for sub_bitmap 0B8093B0, func 52C42243
dtor     D               dtor.c:196  _al_register_destructor          [   0.16281] added dtor for sub_bitmap 0B80ACA8, func 52C42243
dtor     D               dtor.c:196  _al_register_destructor          [   0.16283] added dtor for sub_bitmap 0B809818, func 52C42243
dtor     D               dtor.c:196  _al_register_destructor          [   0.16286] added dtor for sub_bitmap 0B80A0E8, func 52C42243
dtor     D               dtor.c:196  _al_register_destructor          [   0.16289] added dtor for sub_bitmap 0B80A6C8, func 52C42243
dtor     D               dtor.c:196  _al_register_destructor          [   0.16291] added dtor for sub_bitmap 0B80AE20, func 52C42243
dtor     D               dtor.c:196  _al_register_destructor          [   0.16294] added dtor for sub_bitmap 0B8090C0, func 52C42243
dtor     D               dtor.c:196  _al_register_destructor          [   0.16296] added dtor for sub_bitmap 0B809990, func 52C42243
dtor     D               dtor.c:196  _al_register_destructor          [   0.16298] added dtor for sub_bitmap 0B80A840, func 52C42243
dtor     D               dtor.c:196  _al_register_destructor          [   0.16301] added dtor for sub_bitmap 0B809528, func 52C42243
dtor     D               dtor.c:196  _al_register_destructor          [   0.16303] added dtor for sub_bitmap 0B80A260, func 52C42243
dtor     D               dtor.c:196  _al_register_destructor          [   0.16306] added dtor for sub_bitmap 0B80A9B8, func 52C42243
dtor     D               dtor.c:196  _al_register_destructor          [   0.16309] added dtor for sub_bitmap 0B80BB10, func 52C42243
dtor     D               dtor.c:196  _al_register_destructor          [   0.16315] added dtor for sub_bitmap 0B80C268, func 52C42243
dtor     D               dtor.c:196  _al_register_destructor          [   0.16318] added dtor for sub_bitmap 0B80C3E0, func 52C42243
dtor     D               dtor.c:196  _al_register_destructor          [   0.16320] added dtor for sub_bitmap 0B80B820, func 52C42243
dtor     D               dtor.c:196  _al_register_destructor          [   0.16322] added dtor for sub_bitmap 0B80C558, func 52C42243
dtor     D               dtor.c:196  _al_register_destructor          [   0.16325] added dtor for sub_bitmap 0B80B6A8, func 52C42243
dtor     D               dtor.c:196  _al_register_destructor          [   0.16328] added dtor for sub_bitmap 0B80B998, func 52C42243
dtor     D               dtor.c:196  _al_register_destructor          [   0.16330] added dtor for sub_bitmap 0B80BF78, func 52C42243
dtor     D               dtor.c:196  _al_register_destructor          [   0.16332] added dtor for sub_bitmap 0B80BC88, func 52C42243
dtor     D               dtor.c:196  _al_register_destructor          [   0.16335] added dtor for sub_bitmap 0B80B240, func 52C42243
dtor     D               dtor.c:196  _al_register_destructor          [   0.16337] added dtor for sub_bitmap 0B80B0C8, func 52C42243
dtor     D               dtor.c:196  _al_register_destructor          [   0.16340] added dtor for sub_bitmap 0B80C6D0, func 52C42243
dtor     D               dtor.c:196  _al_register_destructor          [   0.16342] added dtor for sub_bitmap 0B80C0F0, func 52C42243
dtor     D               dtor.c:196  _al_register_destructor          [   0.16345] added dtor for sub_bitmap 0B80CB38, func 52C42243
dtor     D               dtor.c:196  _al_register_destructor          [   0.16347] added dtor for sub_bitmap 0B80C848, func 52C42243
dtor     D               dtor.c:196  _al_register_destructor          [   0.16349] added dtor for sub_bitmap 0B80C9C0, func 52C42243
dtor     D               dtor.c:196  _al_register_destructor          [   0.16352] added dtor for sub_bitmap 0B80BE00, func 52C42243
dtor     D               dtor.c:196  _al_register_destructor          [   0.16355] added dtor for sub_bitmap 0B80CCB0, func 52C42243
dtor     D               dtor.c:196  _al_register_destructor          [   0.16358] added dtor for sub_bitmap 0B80CE28, func 52C42243
dtor     D               dtor.c:196  _al_register_destructor          [   0.16360] added dtor for sub_bitmap 0B80B3B8, func 52C42243
dtor     D               dtor.c:196  _al_register_destructor          [   0.16363] added dtor for sub_bitmap 0B80B530, func 52C42243
dtor     D               dtor.c:196  _al_register_destructor          [   0.16367] added dtor for sub_bitmap 0B80DF80, func 52C42243
dtor     D               dtor.c:196  _al_register_destructor          [   0.16370] added dtor for sub_bitmap 0B80E9C8, func 52C42243
dtor     D               dtor.c:196  _al_register_destructor          [   0.16372] added dtor for sub_bitmap 0B80DB18, func 52C42243
dtor     D               dtor.c:196  _al_register_destructor          [   0.16375] added dtor for sub_bitmap 0B80E270, func 52C42243
dtor     D               dtor.c:196  _al_register_destructor          [   0.16377] added dtor for sub_bitmap 0B80E560, func 52C42243
dtor     D               dtor.c:196  _al_register_destructor          [   0.16379] added dtor for sub_bitmap 0B80E3E8, func 52C42243
dtor     D               dtor.c:196  _al_register_destructor          [   0.16382] added dtor for sub_bitmap 0B80D828, func 52C42243
dtor     D               dtor.c:196  _al_register_destructor          [   0.16384] added dtor for sub_bitmap 0B80D248, func 52C42243
dtor     D               dtor.c:196  _al_register_destructor          [   0.16387] added dtor for sub_bitmap 0B80D6B0, func 52C42243
dtor     D               dtor.c:196  _al_register_destructor          [   0.16389] added dtor for sub_bitmap 0B80EB40, func 52C42243
dtor     D               dtor.c:196  _al_register_destructor          [   0.16392] added dtor for sub_bitmap 0B80E0F8, func 52C42243
dtor     D               dtor.c:196  _al_register_destructor          [   0.16397] added dtor for sub_bitmap 0B80D9A0, func 52C42243
dtor     D               dtor.c:196  _al_register_destructor          [   0.16400] added dtor for sub_bitmap 0B80D3C0, func 52C42243
dtor     D               dtor.c:196  _al_register_destructor          [   0.16403] added dtor for sub_bitmap 0B80ECB8, func 52C42243
dtor     D               dtor.c:196  _al_register_destructor          [   0.16405] added dtor for sub_bitmap 0B80E6D8, func 52C42243
dtor     D               dtor.c:196  _al_register_destructor          [   0.16408] added dtor for sub_bitmap 0B80DC90, func 52C42243
dtor     D               dtor.c:196  _al_register_destructor          [   0.16411] added dtor for sub_bitmap 0B80EE30, func 52C42243
dtor     D               dtor.c:196  _al_register_destructor          [   0.16414] added dtor for sub_bitmap 0B80E850, func 52C42243
dtor     D               dtor.c:196  _al_register_destructor          [   0.16416] added dtor for sub_bitmap 0B80D538, func 52C42243
dtor     D               dtor.c:196  _al_register_destructor          [   0.16419] added dtor for sub_bitmap 0B80DE08, func 52C42243
dtor     D               dtor.c:196  _al_register_destructor          [   0.16421] added dtor for sub_bitmap 0B80D0D0, func 52C42243
dtor     D               dtor.c:196  _al_register_destructor          [   0.16565] added dtor for sub_bitmap 0B811E20, func 52C42243
dtor     D               dtor.c:196  _al_register_destructor          [   0.16571] added dtor for sub_bitmap 0B8119B8, func 52C42243
dtor     D               dtor.c:196  _al_register_destructor          [   0.16574] added dtor for sub_bitmap 0B811260, func 52C42243
dtor     D               dtor.c:196  _al_register_destructor          [   0.16576] added dtor for sub_bitmap 0B811CA8, func 52C42243
dtor     D               dtor.c:196  _al_register_destructor          [   0.16579] added dtor for sub_bitmap 0B812400, func 52C42243
dtor     D               dtor.c:196  _al_register_destructor          [   0.16581] added dtor for sub_bitmap 0B812E48, func 52C42243
dtor     D               dtor.c:196  _al_register_destructor          [   0.16583] added dtor for sub_bitmap 0B812288, func 52C42243
dtor     D               dtor.c:196  _al_register_destructor          [   0.16586] added dtor for sub_bitmap 0B8116C8, func 52C42243
dtor     D               dtor.c:196  _al_register_destructor          [   0.16589] added dtor for sub_bitmap 0B8113D8, func 52C42243
dtor     D               dtor.c:196  _al_register_destructor          [   0.16591] added dtor for sub_bitmap 0B812578, func 52C42243
dtor     D               dtor.c:196  _al_register_destructor          [   0.16595] added dtor for sub_bitmap 0B811B30, func 52C42243
dtor     D               dtor.c:196  _al_register_destructor          [   0.16597] added dtor for sub_bitmap 0B8126F0, func 52C42243
dtor     D               dtor.c:196  _al_register_destructor          [   0.16600] added dtor for sub_bitmap 0B812B58, func 52C42243
dtor     D               dtor.c:196  _al_register_destructor          [   0.16602] added dtor for sub_bitmap 0B811F98, func 52C42243
dtor     D               dtor.c:196  _al_register_destructor          [   0.16605] added dtor for sub_bitmap 0B8129E0, func 52C42243
dtor     D               dtor.c:196  _al_register_destructor          [   0.16608] added dtor for sub_bitmap 0B812110, func 52C42243
dtor     D               dtor.c:196  _al_register_destructor          [   0.16610] added dtor for sub_bitmap 0B812868, func 52C42243
dtor     D               dtor.c:196  _al_register_destructor          [   0.16612] added dtor for sub_bitmap 0B812CD0, func 52C42243
dtor     D               dtor.c:196  _al_register_destructor          [   0.16615] added dtor for sub_bitmap 0B811840, func 52C42243
dtor     D               dtor.c:196  _al_register_destructor          [   0.16617] added dtor for sub_bitmap 0B811550, func 52C42243
dtor     D               dtor.c:196  _al_register_destructor          [   0.16620] added dtor for sub_bitmap 0B8110E8, func 52C42243
dtor     D               dtor.c:196  _al_register_destructor          [   0.16628] added dtor for sub_bitmap 0B814CD8, func 52C42243
dtor     D               dtor.c:196  _al_register_destructor          [   0.16631] added dtor for sub_bitmap 0B813848, func 52C42243
dtor     D               dtor.c:196  _al_register_destructor          [   0.16634] added dtor for sub_bitmap 0B8149E8, func 52C42243
dtor     D               dtor.c:196  _al_register_destructor          [   0.16636] added dtor for sub_bitmap 0B814118, func 52C42243
dtor     D               dtor.c:196  _al_register_destructor          [   0.16639] added dtor for sub_bitmap 0B8130F0, func 52C42243
dtor     D               dtor.c:196  _al_register_destructor          [   0.16642] added dtor for sub_bitmap 0B8146F8, func 52C42243
dtor     D               dtor.c:196  _al_register_destructor          [   0.16644] added dtor for sub_bitmap 0B814E50, func 52C42243
dtor     D               dtor.c:196  _al_register_destructor          [   0.16647] added dtor for sub_bitmap 0B814870, func 52C42243
dtor     D               dtor.c:196  _al_register_destructor          [   0.16649] added dtor for sub_bitmap 0B813CB0, func 52C42243
dtor     D               dtor.c:196  _al_register_destructor          [   0.16652] added dtor for sub_bitmap 0B813B38, func 52C42243
dtor     D               dtor.c:196  _al_register_destructor          [   0.16655] added dtor for sub_bitmap 0B814290, func 52C42243
dtor     D               dtor.c:196  _al_register_destructor          [   0.16658] added dtor for sub_bitmap 0B813268, func 52C42243
dtor     D               dtor.c:196  _al_register_destructor          [   0.16661] added dtor for sub_bitmap 0B8133E0, func 52C42243
dtor     D               dtor.c:196  _al_register_destructor          [   0.16663] added dtor for sub_bitmap 0B813FA0, func 52C42243
dtor     D               dtor.c:196  _al_register_destructor          [   0.16666] added dtor for sub_bitmap 0B813E28, func 52C42243
dtor     D               dtor.c:196  _al_register_destructor          [   0.16668] added dtor for sub_bitmap 0B813558, func 52C42243
dtor     D               dtor.c:196  _al_register_destructor          [   0.16671] added dtor for sub_bitmap 0B8136D0, func 52C42243
dtor     D               dtor.c:196  _al_register_destructor          [   0.16673] added dtor for sub_bitmap 0B8139C0, func 52C42243
dtor     D               dtor.c:196  _al_register_destructor          [   0.16676] added dtor for sub_bitmap 0B814408, func 52C42243
dtor     D               dtor.c:196  _al_register_destructor          [   0.16679] added dtor for sub_bitmap 0B814B60, func 52C42243
dtor     D               dtor.c:196  _al_register_destructor          [   0.16682] added dtor for sub_bitmap 0B814580, func 52C42243
dtor     D               dtor.c:196  _al_register_destructor          [   0.16687] added dtor for sub_bitmap 0B81D2A8, func 52C42243
dtor     D               dtor.c:196  _al_register_destructor          [   0.16689] added dtor for sub_bitmap 0B81CB50, func 52C42243
dtor     D               dtor.c:196  _al_register_destructor          [   0.16692] added dtor for sub_bitmap 0B81B6C0, func 52C42243
dtor     D               dtor.c:196  _al_register_destructor          [   0.16695] added dtor for sub_bitmap 0B81D420, func 52C42243
dtor     D               dtor.c:196  _al_register_destructor          [   0.16697] added dtor for sub_bitmap 0B81AF68, func 52C42243
dtor     D               dtor.c:196  _al_register_destructor          [   0.16700] added dtor for sub_bitmap 0B81B838, func 52C42243
dtor     D               dtor.c:196  _al_register_destructor          [   0.16702] added dtor for sub_bitmap 0B81D598, func 52C42243
dtor     D               dtor.c:196  _al_register_destructor          [   0.16705] added dtor for sub_bitmap 0B81B3D0, func 52C42243
dtor     D               dtor.c:196  _al_register_destructor          [   0.16708] added dtor for sub_bitmap 0B81CFB8, func 52C42243
dtor     D               dtor.c:196  _al_register_destructor          [   0.16714] added dtor for sub_bitmap 0B81CE40, func 52C42243
dtor     D               dtor.c:196  _al_register_destructor          [   0.16717] added dtor for sub_bitmap 0B81D888, func 52C42243
dtor     D               dtor.c:196  _al_register_destructor          [   0.16720] added dtor for sub_bitmap 0B81CCC8, func 52C42243
dtor     D               dtor.c:196  _al_register_destructor          [   0.16723] added dtor for sub_bitmap 0B81C3F8, func 52C42243
dtor     D               dtor.c:196  _al_register_destructor          [   0.16726] added dtor for sub_bitmap 0B81C280, func 52C42243
dtor     D               dtor.c:196  _al_register_destructor          [   0.16728] added dtor for sub_bitmap 0B81D130, func 52C42243
dtor     D               dtor.c:196  _al_register_destructor          [   0.16731] added dtor for sub_bitmap 0B81B9B0, func 52C42243
dtor     D               dtor.c:196  _al_register_destructor          [   0.16734] added dtor for sub_bitmap 0B81D710, func 52C42243
dtor     D               dtor.c:196  _al_register_destructor          [   0.16736] added dtor for sub_bitmap 0B81DA00, func 52C42243
dtor     D               dtor.c:196  _al_register_destructor          [   0.16739] added dtor for sub_bitmap 0B81B548, func 52C42243
dtor     D               dtor.c:196  _al_register_destructor          [   0.16742] added dtor for sub_bitmap 0B81DB78, func 52C42243
dtor     D               dtor.c:196  _al_register_destructor          [   0.16745] added dtor for sub_bitmap 0B81B0E0, func 52C42243
dtor     D               dtor.c:196  _al_register_destructor          [   0.16748] added dtor for sub_bitmap 0B81DCF0, func 52C42243
dtor     D               dtor.c:196  _al_register_destructor          [   0.16751] added dtor for sub_bitmap 0B81C860, func 52C42243
dtor     D               dtor.c:196  _al_register_destructor          [   0.16754] added dtor for sub_bitmap 0B81B258, func 52C42243
dtor     D               dtor.c:196  _al_register_destructor          [   0.16756] added dtor for sub_bitmap 0B81C570, func 52C42243
dtor     D               dtor.c:196  _al_register_destructor          [   0.16759] added dtor for sub_bitmap 0B81BB28, func 52C42243
dtor     D               dtor.c:196  _al_register_destructor          [   0.16762] added dtor for sub_bitmap 0B81BCA0, func 52C42243
dtor     D               dtor.c:196  _al_register_destructor          [   0.16764] added dtor for sub_bitmap 0B81BE18, func 52C42243
dtor     D               dtor.c:196  _al_register_destructor          [   0.16767] added dtor for sub_bitmap 0B81BF90, func 52C42243
dtor     D               dtor.c:196  _al_register_destructor          [   0.16769] added dtor for sub_bitmap 0B81C9D8, func 52C42243
dtor     D               dtor.c:196  _al_register_destructor          [   0.16772] added dtor for sub_bitmap 0B81C108, func 52C42243
dtor     D               dtor.c:196  _al_register_destructor          [   0.16774] added dtor for sub_bitmap 0B81C6E8, func 52C42243
dtor     D               dtor.c:196  _al_register_destructor          [   0.16778] added dtor for sub_bitmap 0B81E158, func 52C42243
dtor     D               dtor.c:196  _al_register_destructor          [   0.16781] added dtor for sub_bitmap 0B81EA28, func 52C42243
dtor     D               dtor.c:196  _al_register_destructor          [   0.16783] added dtor for sub_bitmap 0B81E448, func 52C42243
dtor     D               dtor.c:196  _al_register_destructor          [   0.16786] added dtor for sub_bitmap 0B81DFE0, func 52C42243
dtor     D               dtor.c:196  _al_register_destructor          [   0.16788] added dtor for sub_bitmap 0B81EBA0, func 52C42243
dtor     D               dtor.c:196  _al_register_destructor          [   0.16791] added dtor for sub_bitmap 0B81DE68, func 52C42243
dtor     D               dtor.c:196  _al_register_destructor          [   0.16794] added dtor for sub_bitmap 0B81E8B0, func 52C42243
dtor     D               dtor.c:196  _al_register_destructor          [   0.16796] added dtor for sub_bitmap 0B81E2D0, func 52C42243
dtor     D               dtor.c:196  _al_register_destructor          [   0.16803] added dtor for sub_bitmap 0B81E738, func 52C42243
dtor     D               dtor.c:196  _al_register_destructor          [   0.16806] added dtor for sub_bitmap 0B81ED18, func 52C42243
dtor     D               dtor.c:196  _al_register_destructor          [   0.16808] added dtor for sub_bitmap 0B81E5C0, func 52C42243
dtor     D               dtor.c:196  _al_register_destructor          [   0.16812] added dtor for sub_bitmap 0B824090, func 52C42243
dtor     D               dtor.c:196  _al_register_destructor          [   0.16815] added dtor for sub_bitmap 0B823DA0, func 52C42243
dtor     D               dtor.c:196  _al_register_destructor          [   0.16818] added dtor for sub_bitmap 0B8234D0, func 52C42243
dtor     D               dtor.c:196  _al_register_destructor          [   0.16821] added dtor for sub_bitmap 0B821D50, func 52C42243
dtor     D               dtor.c:196  _al_register_destructor          [   0.16823] added dtor for sub_bitmap 0B821EC8, func 52C42243
dtor     D               dtor.c:196  _al_register_destructor          [   0.16826] added dtor for sub_bitmap 0B823938, func 52C42243
dtor     D               dtor.c:196  _al_register_destructor          [   0.16828] added dtor for sub_bitmap 0B8215F8, func 52C42243
dtor     D               dtor.c:196  _al_register_destructor          [   0.16831] added dtor for sub_bitmap 0B822040, func 52C42243
dtor     D               dtor.c:196  _al_register_destructor          [   0.16834] added dtor for sub_bitmap 0B823C28, func 52C42243
dtor     D               dtor.c:196  _al_register_destructor          [   0.16836] added dtor for sub_bitmap 0B821A60, func 52C42243
dtor     D               dtor.c:196  _al_register_destructor          [   0.16839] added dtor for sub_bitmap 0B823648, func 52C42243
dtor     D               dtor.c:196  _al_register_destructor          [   0.16842] added dtor for sub_bitmap 0B8237C0, func 52C42243
dtor     D               dtor.c:196  _al_register_destructor          [   0.16844] added dtor for sub_bitmap 0B823F18, func 52C42243
dtor     D               dtor.c:196  _al_register_destructor          [   0.16847] added dtor for sub_bitmap 0B8231E0, func 52C42243
dtor     D               dtor.c:196  _al_register_destructor          [   0.16850] added dtor for sub_bitmap 0B822A88, func 52C42243
dtor     D               dtor.c:196  _al_register_destructor          [   0.16852] added dtor for sub_bitmap 0B822910, func 52C42243
dtor     D               dtor.c:196  _al_register_destructor          [   0.16856] added dtor for sub_bitmap 0B823358, func 52C42243
dtor     D               dtor.c:196  _al_register_destructor          [   0.16859] added dtor for sub_bitmap 0B8221B8, func 52C42243
dtor     D               dtor.c:196  _al_register_destructor          [   0.16862] added dtor for sub_bitmap 0B824380, func 52C42243
dtor     D               dtor.c:196  _al_register_destructor          [   0.16864] added dtor for sub_bitmap 0B823AB0, func 52C42243
dtor     D               dtor.c:196  _al_register_destructor          [   0.16867] added dtor for sub_bitmap 0B8218E8, func 52C42243
dtor     D               dtor.c:196  _al_register_destructor          [   0.16870] added dtor for sub_bitmap 0B821BD8, func 52C42243
dtor     D               dtor.c:196  _al_register_destructor          [   0.16873] added dtor for sub_bitmap 0B824208, func 52C42243
dtor     D               dtor.c:196  _al_register_destructor          [   0.16875] added dtor for sub_bitmap 0B821770, func 52C42243
dtor     D               dtor.c:196  _al_register_destructor          [   0.16879] added dtor for sub_bitmap 0B822330, func 52C42243
dtor     D               dtor.c:196  _al_register_destructor          [   0.16882] added dtor for sub_bitmap 0B822620, func 52C42243
dtor     D               dtor.c:196  _al_register_destructor          [   0.16884] added dtor for sub_bitmap 0B822C00, func 52C42243
dtor     D               dtor.c:196  _al_register_destructor          [   0.16892] added dtor for sub_bitmap 0B8224A8, func 52C42243
dtor     D               dtor.c:196  _al_register_destructor          [   0.16895] added dtor for sub_bitmap 0B822798, func 52C42243
dtor     D               dtor.c:196  _al_register_destructor          [   0.16898] added dtor for sub_bitmap 0B822D78, func 52C42243
dtor     D               dtor.c:196  _al_register_destructor          [   0.16901] added dtor for sub_bitmap 0B822EF0, func 52C42243
dtor     D               dtor.c:196  _al_register_destructor          [   0.16903] added dtor for sub_bitmap 0B823068, func 52C42243
dtor     D               dtor.c:196  _al_register_destructor          [   0.16906] added dtor for sub_bitmap 0B8247E8, func 52C42243
dtor     D               dtor.c:196  _al_register_destructor          [   0.16909] added dtor for sub_bitmap 0B824960, func 52C42243
dtor     D               dtor.c:196  _al_register_destructor          [   0.16912] added dtor for sub_bitmap 0B824AD8, func 52C42243
dtor     D               dtor.c:196  _al_register_destructor          [   0.16915] added dtor for sub_bitmap 0B8250B8, func 52C42243
dtor     D               dtor.c:196  _al_register_destructor          [   0.16917] added dtor for sub_bitmap 0B824C50, func 52C42243
dtor     D               dtor.c:196  _al_register_destructor          [   0.16920] added dtor for sub_bitmap 0B824670, func 52C42243
dtor     D               dtor.c:196  _al_register_destructor          [   0.16923] added dtor for sub_bitmap 0B825230, func 52C42243
dtor     D               dtor.c:196  _al_register_destructor          [   0.16925] added dtor for sub_bitmap 0B8244F8, func 52C42243
dtor     D               dtor.c:196  _al_register_destructor          [   0.16928] added dtor for sub_bitmap 0B8253A8, func 52C42243
dtor     D               dtor.c:196  _al_register_destructor          [   0.16931] added dtor for sub_bitmap 0B824DC8, func 52C42243
dtor     D               dtor.c:196  _al_register_destructor          [   0.16933] added dtor for sub_bitmap 0B824F40, func 52C42243
dtor     D               dtor.c:196  _al_register_destructor          [   0.16937] added dtor for sub_bitmap 0B82C8F0, func 52C42243
dtor     D               dtor.c:196  _al_register_destructor          [   0.16940] added dtor for sub_bitmap 0B82CD58, func 52C42243
dtor     D               dtor.c:196  _al_register_destructor          [   0.16943] added dtor for sub_bitmap 0B82F388, func 52C42243
dtor     D               dtor.c:196  _al_register_destructor          [   0.16945] added dtor for sub_bitmap 0B82EF20, func 52C42243
dtor     D               dtor.c:196  _al_register_destructor          [   0.16948] added dtor for sub_bitmap 0B82E650, func 52C42243
dtor     D               dtor.c:196  _al_register_destructor          [   0.16950] added dtor for sub_bitmap 0B82CED0, func 52C42243
dtor     D               dtor.c:196  _al_register_destructor          [   0.16953] added dtor for sub_bitmap 0B82DA90, func 52C42243
dtor     D               dtor.c:196  _al_register_destructor          [   0.16956] added dtor for sub_bitmap 0B82CA68, func 52C42243
dtor     D               dtor.c:196  _al_register_destructor          [   0.16959] added dtor for sub_bitmap 0B82C778, func 52C42243
dtor     D               dtor.c:196  _al_register_destructor          [   0.16962] added dtor for sub_bitmap 0B82F098, func 52C42243
dtor     D               dtor.c:196  _al_register_destructor          [   0.16966] added dtor for sub_bitmap 0B82CBE0, func 52C42243
dtor     D               dtor.c:196  _al_register_destructor          [   0.16968] added dtor for sub_bitmap 0B82EDA8, func 52C42243
dtor     D               dtor.c:196  _al_register_destructor          [   0.16971] added dtor for sub_bitmap 0B82DD80, func 52C42243
dtor     D               dtor.c:196  _al_register_destructor          [   0.16974] added dtor for sub_bitmap 0B82D4B0, func 52C42243
dtor     D               dtor.c:196  _al_register_destructor          [   0.16976] added dtor for sub_bitmap 0B82DEF8, func 52C42243
dtor     D               dtor.c:196  _al_register_destructor          [   0.16984] added dtor for sub_bitmap 0B82E4D8, func 52C42243
dtor     D               dtor.c:196  _al_register_destructor          [   0.16987] added dtor for sub_bitmap 0B82D048, func 52C42243
dtor     D               dtor.c:196  _al_register_destructor          [   0.16990] added dtor for sub_bitmap 0B82F210, func 52C42243
dtor     D               dtor.c:196  _al_register_destructor          [   0.16993] added dtor for sub_bitmap 0B82E1E8, func 52C42243
dtor     D               dtor.c:196  _al_register_destructor          [   0.16996] added dtor for sub_bitmap 0B82E7C8, func 52C42243
dtor     D               dtor.c:196  _al_register_destructor          [   0.16998] added dtor for sub_bitmap 0B82E940, func 52C42243
dtor     D               dtor.c:196  _al_register_destructor          [   0.17001] added dtor for sub_bitmap 0B82F500, func 52C42243
dtor     D               dtor.c:196  _al_register_destructor          [   0.17003] added dtor for sub_bitmap 0B82E360, func 52C42243
dtor     D               dtor.c:196  _al_register_destructor          [   0.17006] added dtor for sub_bitmap 0B82DC08, func 52C42243
dtor     D               dtor.c:196  _al_register_destructor          [   0.17009] added dtor for sub_bitmap 0B82EAB8, func 52C42243
dtor     D               dtor.c:196  _al_register_destructor          [   0.17011] added dtor for sub_bitmap 0B82EC30, func 52C42243
dtor     D               dtor.c:196  _al_register_destructor          [   0.17014] added dtor for sub_bitmap 0B82D1C0, func 52C42243
dtor     D               dtor.c:196  _al_register_destructor          [   0.17017] added dtor for sub_bitmap 0B82D338, func 52C42243
dtor     D               dtor.c:196  _al_register_destructor          [   0.17019] added dtor for sub_bitmap 0B82D628, func 52C42243
dtor     D               dtor.c:196  _al_register_destructor          [   0.17022] added dtor for sub_bitmap 0B82D7A0, func 52C42243
dtor     D               dtor.c:196  _al_register_destructor          [   0.17025] added dtor for sub_bitmap 0B82D918, func 52C42243
dtor     D               dtor.c:196  _al_register_destructor          [   0.17028] added dtor for sub_bitmap 0B82E070, func 52C42243
dtor     D               dtor.c:196  _al_register_destructor          [   0.17031] added dtor for sub_bitmap 0B8303B0, func 52C42243
dtor     D               dtor.c:196  _al_register_destructor          [   0.17033] added dtor for sub_bitmap 0B82FDD0, func 52C42243
dtor     D               dtor.c:196  _al_register_destructor          [   0.17036] added dtor for sub_bitmap 0B82F678, func 52C42243
dtor     D               dtor.c:196  _al_register_destructor          [   0.17039] added dtor for sub_bitmap 0B82F7F0, func 52C42243
dtor     D               dtor.c:196  _al_register_destructor          [   0.17042] added dtor for sub_bitmap 0B82F968, func 52C42243
dtor     D               dtor.c:196  _al_register_destructor          [   0.17046] added dtor for sub_bitmap 0B82FAE0, func 52C42243
dtor     D               dtor.c:196  _al_register_destructor          [   0.17048] added dtor for sub_bitmap 0B8300C0, func 52C42243
dtor     D               dtor.c:196  _al_register_destructor          [   0.17051] added dtor for sub_bitmap 0B830238, func 52C42243
dtor     D               dtor.c:196  _al_register_destructor          [   0.17054] added dtor for sub_bitmap 0B830528, func 52C42243
dtor     D               dtor.c:196  _al_register_destructor          [   0.17057] added dtor for sub_bitmap 0B82FC58, func 52C42243
dtor     D               dtor.c:227  _al_unregister_destructor        [   0.17060] removed dtor for bitmap 0B391E90
dtor     D               dtor.c:196  _al_register_destructor          [   0.17068] added dtor for font 009844D0, func 54B3105F
dtor     D               dtor.c:227  _al_unregister_destructor        [   0.17070] removed dtor for bitmap 0B378200
d3d      D          d3d_bmp.cpp:539  _al_d3d_sync_bitmap              [   0.27062] _al_d3d_sync_bitmap (system) ref count == 1
d3d      D          d3d_bmp.cpp:545  _al_d3d_sync_bitmap              [   0.27068] _al_d3d_sync_bitmap (video) ref count == 1
