Microsoft HTML Help Compiler 4.74.8702

Compiling c:\Users\luigu\Desktop\ayudanueva\ayuda.chm


Compile time: 0 minutes, 1 second
3	Topics
3	Local links
0	Internet links
2	Graphics


Created c:\Users\luigu\Desktop\ayudanueva\ayuda.chm, 245,467 bytes
Compression decreased file by 26,558 bytes.
HHC5010: Error: Cannot open "c:\Users\luigu\Desktop\ayudanueva\ayuda.chm". Compilation stopped.
HHC5010: Error: Cannot open "c:\Users\luigu\Desktop\ayudanueva\ayuda.chm". Compilation stopped.
HHC5010: Error: Cannot open "c:\Users\luigu\Desktop\ayudanueva\ayuda.chm". Compilation stopped.
HHC5010: Error: Cannot open "c:\Users\luigu\Desktop\ayudanueva\ayuda.chm". Compilation stopped.
HHC5010: Error: Cannot open "c:\Users\luigu\Desktop\ayudanueva\ayuda.chm". Compilation stopped.
Microsoft HTML Help Compiler 4.74.8702

Compiling c:\Users\luigu\Desktop\ayudanueva\ayuda.chm


Compile time: 0 minutes, 1 second
3	Topics
3	Local links
0	Internet links
2	Graphics


Created c:\Users\luigu\Desktop\ayudanueva\ayuda.chm, 245,687 bytes
Compression decreased file by 26,338 bytes.
Microsoft HTML Help Compiler 4.74.8702

Compiling c:\Users\luigu\Desktop\ayudanueva\ayuda.chm


Compile time: 0 minutes, 1 second
3	Topics
2	Local links
0	Internet links
2	Graphics


Created c:\Users\luigu\Desktop\ayudanueva\ayuda.chm, 245,821 bytes
Compression decreased file by 26,193 bytes.
Microsoft HTML Help Compiler 4.74.8702

Compiling c:\Users\luigu\Desktop\ayudanueva\ayuda.chm


Compile time: 0 minutes, 1 second
3	Topics
2	Local links
0	Internet links
2	Graphics


Created c:\Users\luigu\Desktop\ayudanueva\ayuda.chm, 245,839 bytes
Compression decreased file by 26,193 bytes.
Microsoft HTML Help Compiler 4.74.8702

Compiling c:\Users\luigu\Desktop\ayudanueva\ayuda.chm


Compile time: 0 minutes, 1 second
3	Topics
2	Local links
0	Internet links
2	Graphics


Created c:\Users\luigu\Desktop\ayudanueva\ayuda.chm, 245,833 bytes
Compression decreased file by 26,195 bytes.
Microsoft HTML Help Compiler 4.74.8702

Compiling c:\Users\luigu\Desktop\ayudanueva\ayuda.chm


Compile time: 0 minutes, 1 second
3	Topics
2	Local links
0	Internet links
2	Graphics


Created c:\Users\luigu\Desktop\ayudanueva\ayuda.chm, 245,833 bytes
Compression decreased file by 26,195 bytes.
Microsoft HTML Help Compiler 4.74.8702

Compiling c:\Users\luigu\Desktop\ayudanueva\ayuda.chm


Compile time: 0 minutes, 1 second
3	Topics
2	Local links
0	Internet links
2	Graphics


Created c:\Users\luigu\Desktop\ayudanueva\ayuda.chm, 288,805 bytes
Compression decreased file by 43,336 bytes.
Microsoft HTML Help Compiler 4.74.8702

Compiling c:\Users\luigu\Desktop\ayudanueva\ayuda.chm


Compile time: 0 minutes, 1 second
3	Topics
2	Local links
0	Internet links
2	Graphics


Created c:\Users\luigu\Desktop\ayudanueva\ayuda.chm, 493,515 bytes
Compression decreased file by 7,747 bytes.
